
> sync-backend@1.0.0 dev
> nodemon src/index.js

[33m[nodemon] 3.1.14[39m
[33m[nodemon] to restart at any time, enter `rs`[39m
[33m[nodemon] watching path(s): *.*[39m
[33m[nodemon] watching extensions: js,mjs,cjs,json[39m
[32m[nodemon] starting `node src/index.js`[39m
Server running on port 3001
User connected: Ale
User connected: javier
[32m[nodemon] restarting due to changes...[39m
[32m[nodemon] starting `node src/index.js`[39m
Server running on port 3001
User connected: Ale
User connected: javier
User disconnected: Ale
User disconnected: javier
User connected: javier
User connected: Ale
User disconnected: Ale
User disconnected: javier
User connected: Ale
User connected: javier
User disconnected: Ale
User connected: Ale
User disconnected: Ale
User disconnected: javier
User connected: Ale
User connected: javier
User disconnected: Ale
User disconnected: javier
User connected: Ale
User connected: javier
User disconnected: javier
User disconnected: Ale
User connected: javier
User connected: Ale
[32m[nodemon] restarting due to changes...[39m
[32m[nodemon] starting `node src/index.js`[39m
Server running on port 3001
User connected: Ale
User connected: javier
User disconnected: Ale
User disconnected: javier
User connected: Ale
User connected: javier
User disconnected: Ale
User disconnected: javier
User connected: Ale
User connected: javier
User disconnected: javier
User connected: javier
[32m[nodemon] restarting due to changes...[39m
[32m[nodemon] starting `node src/index.js`[39m
Server running on port 3001
User connected: javier
User connected: Ale
User disconnected: javier
User disconnected: Ale
User connected: Ale
User connected: javier
User disconnected: javier
User connected: javier
User disconnected: javier
User connected: javier
User disconnected: javier
User connected: javier
